<?xml version="1.0" encoding="UTF-8"?>
<testsuite name="BankAccountTest" tests="5" skipped="0" failures="0" errors="0" timestamp="2020-11-21T06:22:48" hostname="Thulasi-MacBook-Pro.local" time="0.006">
  <properties/>
  <testcase name="testGetBalance" classname="BankAccountTest" time="0.0"/>
  <testcase name="testWithdrawOne" classname="BankAccountTest" time="0.002"/>
  <testcase name="testWithdrawTwo" classname="BankAccountTest" time="0.001"/>
  <testcase name="testDeposit" classname="BankAccountTest" time="0.001"/>
  <testcase name="testTransfer" classname="BankAccountTest" time="0.001"/>
  <system-out><![CDATA[BankAccountTest: Test getBalance
BankAccountTest: Test Withdraw
BankAccountTest: Test Withdraw
BankAccountTest: Test Deposit
BankAccountTest: Test Transfer
]]></system-out>
  <system-err><![CDATA[]]></system-err>
</testsuite>
